<?xml version="1.0" encoding="UTF-8"?>
<!-- Generated by org.testng.reporters.JUnitXMLReporter -->
<testsuite ignored="0" hostname="LAPTOP-1O88FB98" failures="0" tests="1" name="Test1" time="0.082" errors="0" timestamp="2022-12-31T13:13:59 IST">
  <testcase classname="comcast.vtiger.genericUtility.BaseClass" name="@BeforeTest BT" time="-1.67247263927E9">
    <skipped/>
  </testcase> <!-- @BeforeTest BT -->
  <testcase classname="comcast.vtiger.genericUtility.BaseClass" name="@BeforeTest BT" time="-1.672472639283E9">
    <skipped/>
  </testcase> <!-- @BeforeTest BT -->
  <testcase classname="comcast.vtiger.genericUtility.BaseClass" name="@BeforeClass BC" time="-1.672472639305E9">
    <skipped/>
  </testcase> <!-- @BeforeClass BC -->
  <testcase classname="comcast.vtiger.genericUtility.BaseClass" name="@BeforeClass BC" time="-1.672472639308E9">
    <skipped/>
  </testcase> <!-- @BeforeClass BC -->
  <testcase classname="comcast.vtiger.genericUtility.BaseClass" name="@BeforeMethod BM" time="-1.672472639327E9">
    <skipped/>
  </testcase> <!-- @BeforeMethod BM -->
  <testcase classname="comcast.vtiger.genericUtility.BaseClass" name="@BeforeMethod BM" time="-1.672472639327E9">
    <skipped/>
  </testcase> <!-- @BeforeMethod BM -->
  <testcase classname="comcast.vtiger.genericUtility.BaseClass" name="@AfterMethod AM" time="-1.672472639336E9">
    <skipped/>
  </testcase> <!-- @AfterMethod AM -->
  <testcase classname="comcast.vtiger.genericUtility.BaseClass" name="@AfterMethod AM" time="-1.672472639335E9">
    <skipped/>
  </testcase> <!-- @AfterMethod AM -->
  <testcase classname="comcast.vtiger.genericUtility.BaseClass" name="@AfterClass AC" time="-1.67247263934E9">
    <skipped/>
  </testcase> <!-- @AfterClass AC -->
  <testcase classname="comcast.vtiger.genericUtility.BaseClass" name="@AfterClass AC" time="-1.67247263934E9">
    <skipped/>
  </testcase> <!-- @AfterClass AC -->
  <testcase classname="comcast.vtiger.genericUtility.BaseClass" name="@AfterTest AT" time="-1.672472639343E9">
    <skipped/>
  </testcase> <!-- @AfterTest AT -->
  <testcase classname="comcast.vtiger.genericUtility.BaseClass" name="@AfterTest AT" time="-1.672472639347E9">
    <skipped/>
  </testcase> <!-- @AfterTest AT -->
  <testcase classname="com.crm.SDET.organization.CreateOrgationzationGenTest" name="createOrganization" time="0.0">
    <skipped/>
  </testcase> <!-- createOrganization -->
</testsuite> <!-- Test1 -->
