<?xml version="1.0" encoding="UTF-8"?>
<!-- Generated by org.testng.reporters.JUnitXMLReporter -->
<testsuite ignored="16" hostname="LAPTOP-1O88FB98" failures="0" tests="5" name="Test" time="0.085" errors="0" timestamp="2022-12-31T13:13:22 IST">
  <testcase classname="comcast.vtiger.genericUtility.BaseClass" name="@BeforeSuite BS" time="0.031">
    <failure type="java.lang.NullPointerException" message="Cannot invoke &amp;quot;com.aventstack.extentreports.ExtentReports.attachReporter(com.aventstack.extentreports.observer.ExtentObserver[])&amp;quot; because &amp;quot;comcast.vtiger.genericUtility.BaseClass.extentReport&amp;quot; is null">
      <![CDATA[java.lang.NullPointerException: Cannot invoke "com.aventstack.extentreports.ExtentReports.attachReporter(com.aventstack.extentreports.observer.ExtentObserver[])" because "comcast.vtiger.genericUtility.BaseClass.extentReport" is null
at comcast.vtiger.genericUtility.BaseClass.BS(BaseClass.java:46)
... Removed 19 stack frames]]>
    </failure>
  </testcase> <!-- @BeforeSuite BS -->
  <testcase classname="comcast.vtiger.genericUtility.BaseClass" name="@BeforeTest BT" time="-1.672472602292E9">
    <skipped/>
  </testcase> <!-- @BeforeTest BT -->
  <testcase classname="comcast.vtiger.genericUtility.BaseClass" name="@BeforeClass BC" time="-1.672472602317E9">
    <skipped/>
  </testcase> <!-- @BeforeClass BC -->
  <testcase classname="comcast.vtiger.genericUtility.BaseClass" name="@BeforeMethod BM" time="-1.672472602328E9">
    <skipped/>
  </testcase> <!-- @BeforeMethod BM -->
  <testcase classname="comcast.vtiger.genericUtility.BaseClass" name="@AfterMethod AM" time="-1.672472602334E9">
    <skipped/>
  </testcase> <!-- @AfterMethod AM -->
  <testcase classname="comcast.vtiger.genericUtility.BaseClass" name="@AfterClass AC" time="-1.672472602338E9">
    <skipped/>
  </testcase> <!-- @AfterClass AC -->
  <testcase classname="comcast.vtiger.genericUtility.BaseClass" name="@BeforeClass BC" time="-1.672472602342E9">
    <skipped/>
  </testcase> <!-- @BeforeClass BC -->
  <testcase classname="comcast.vtiger.genericUtility.BaseClass" name="@BeforeMethod BM" time="-1.672472602343E9">
    <skipped/>
  </testcase> <!-- @BeforeMethod BM -->
  <testcase classname="comcast.vtiger.genericUtility.BaseClass" name="@AfterMethod AM" time="-1.672472602347E9">
    <skipped/>
  </testcase> <!-- @AfterMethod AM -->
  <testcase classname="comcast.vtiger.genericUtility.BaseClass" name="@AfterClass AC" time="-1.672472602348E9">
    <skipped/>
  </testcase> <!-- @AfterClass AC -->
  <testcase classname="comcast.vtiger.genericUtility.BaseClass" name="@BeforeClass BC" time="-1.672472602349E9">
    <skipped/>
  </testcase> <!-- @BeforeClass BC -->
  <testcase classname="comcast.vtiger.genericUtility.BaseClass" name="@BeforeMethod BM" time="-1.67247260235E9">
    <skipped/>
  </testcase> <!-- @BeforeMethod BM -->
  <testcase classname="comcast.vtiger.genericUtility.BaseClass" name="@AfterMethod AM" time="-1.672472602354E9">
    <skipped/>
  </testcase> <!-- @AfterMethod AM -->
  <testcase classname="comcast.vtiger.genericUtility.BaseClass" name="@AfterClass AC" time="-1.672472602354E9">
    <skipped/>
  </testcase> <!-- @AfterClass AC -->
  <testcase classname="comcast.vtiger.genericUtility.BaseClass" name="@BeforeClass BC" time="-1.672472602356E9">
    <skipped/>
  </testcase> <!-- @BeforeClass BC -->
  <testcase classname="comcast.vtiger.genericUtility.BaseClass" name="@BeforeMethod BM" time="-1.672472602357E9">
    <skipped/>
  </testcase> <!-- @BeforeMethod BM -->
  <testcase classname="comcast.vtiger.genericUtility.BaseClass" name="@AfterMethod AM" time="-1.672472602363E9">
    <skipped/>
  </testcase> <!-- @AfterMethod AM -->
  <testcase classname="comcast.vtiger.genericUtility.BaseClass" name="@AfterClass AC" time="-1.672472602363E9">
    <skipped/>
  </testcase> <!-- @AfterClass AC -->
  <testcase classname="comcast.vtiger.genericUtility.BaseClass" name="@BeforeClass BC" time="-1.672472602365E9">
    <skipped/>
  </testcase> <!-- @BeforeClass BC -->
  <testcase classname="comcast.vtiger.genericUtility.BaseClass" name="@BeforeMethod BM" time="-1.672472602366E9">
    <skipped/>
  </testcase> <!-- @BeforeMethod BM -->
  <testcase classname="comcast.vtiger.genericUtility.BaseClass" name="@AfterMethod AM" time="-1.672472602371E9">
    <skipped/>
  </testcase> <!-- @AfterMethod AM -->
  <testcase classname="comcast.vtiger.genericUtility.BaseClass" name="@AfterClass AC" time="-1.672472602374E9">
    <skipped/>
  </testcase> <!-- @AfterClass AC -->
  <testcase classname="comcast.vtiger.genericUtility.BaseClass" name="@AfterTest AT" time="-1.672472602375E9">
    <skipped/>
  </testcase> <!-- @AfterTest AT -->
  <testcase classname="com.crm.campaign.CreateCampaignFromGenTest" name="createCampaign" time="0.0">
    <skipped/>
  </testcase> <!-- createCampaign -->
  <testcase classname="com.crm.SDET.organization.CreateOrgationzationGenTest" name="createOrganization" time="0.0">
    <skipped/>
  </testcase> <!-- createOrganization -->
  <testcase classname="com.crm.SDET.product.CreateDeleteProductGenTest" name="createDeletePro" time="0.0">
    <skipped/>
  </testcase> <!-- createDeletePro -->
  <testcase classname="com.crm.SDET.product.ProductGenTest" name="createProduct" time="0.0">
    <skipped/>
  </testcase> <!-- createProduct -->
  <testcase classname="com.crm.campaign.CreateCampaignNproduct2Test" name="createProAndCampaign" time="0.0">
    <skipped/>
  </testcase> <!-- createProAndCampaign -->
  <testcase classname="comcast.vtiger.genericUtility.BaseClass" name="@BeforeSuite BS" time="0.0">
    <ignored/>
  </testcase> <!-- @BeforeSuite BS -->
  <testcase classname="comcast.vtiger.genericUtility.BaseClass" name="@BeforeSuite BS" time="0.0">
    <ignored/>
  </testcase> <!-- @BeforeSuite BS -->
  <testcase classname="comcast.vtiger.genericUtility.BaseClass" name="@BeforeSuite BS" time="0.0">
    <ignored/>
  </testcase> <!-- @BeforeSuite BS -->
  <testcase classname="comcast.vtiger.genericUtility.BaseClass" name="@BeforeSuite BS" time="0.0">
    <ignored/>
  </testcase> <!-- @BeforeSuite BS -->
  <testcase classname="comcast.vtiger.genericUtility.BaseClass" name="@AfterTest AT" time="0.0">
    <ignored/>
  </testcase> <!-- @AfterTest AT -->
  <testcase classname="comcast.vtiger.genericUtility.BaseClass" name="@AfterTest AT" time="0.0">
    <ignored/>
  </testcase> <!-- @AfterTest AT -->
  <testcase classname="comcast.vtiger.genericUtility.BaseClass" name="@AfterTest AT" time="0.0">
    <ignored/>
  </testcase> <!-- @AfterTest AT -->
  <testcase classname="comcast.vtiger.genericUtility.BaseClass" name="@AfterTest AT" time="0.0">
    <ignored/>
  </testcase> <!-- @AfterTest AT -->
  <testcase classname="comcast.vtiger.genericUtility.BaseClass" name="@BeforeTest BT" time="0.0">
    <ignored/>
  </testcase> <!-- @BeforeTest BT -->
  <testcase classname="comcast.vtiger.genericUtility.BaseClass" name="@BeforeTest BT" time="0.0">
    <ignored/>
  </testcase> <!-- @BeforeTest BT -->
  <testcase classname="comcast.vtiger.genericUtility.BaseClass" name="@BeforeTest BT" time="0.0">
    <ignored/>
  </testcase> <!-- @BeforeTest BT -->
  <testcase classname="comcast.vtiger.genericUtility.BaseClass" name="@BeforeTest BT" time="0.0">
    <ignored/>
  </testcase> <!-- @BeforeTest BT -->
  <testcase classname="comcast.vtiger.genericUtility.BaseClass" name="@AfterSuite AS" time="0.0">
    <ignored/>
  </testcase> <!-- @AfterSuite AS -->
  <testcase classname="comcast.vtiger.genericUtility.BaseClass" name="@AfterSuite AS" time="0.0">
    <ignored/>
  </testcase> <!-- @AfterSuite AS -->
  <testcase classname="comcast.vtiger.genericUtility.BaseClass" name="@AfterSuite AS" time="0.0">
    <ignored/>
  </testcase> <!-- @AfterSuite AS -->
  <testcase classname="comcast.vtiger.genericUtility.BaseClass" name="@AfterSuite AS" time="0.0">
    <ignored/>
  </testcase> <!-- @AfterSuite AS -->
</testsuite> <!-- Test -->
