<?xml version="1.0" encoding="UTF-8"?>
<testng-results ignored="0" total="3" passed="0" failed="0" skipped="3">
  <reporter-output>
  </reporter-output>
  <suite started-at="2022-12-31T13:13:59 IST" name="Suite" finished-at="2022-12-31T13:13:59 IST" duration-ms="88">
    <groups>
      <group name="Smoke Testing">
        <method signature="CreateOrgationzationGenTest.createOrganization()[pri:0, instance:com.crm.SDET.organization.CreateOrgationzationGenTest@2c1b194a]" name="createOrganization" class="com.crm.SDET.organization.CreateOrgationzationGenTest"/>
        <method signature="CreateDeleteProductGenTest.createDeletePro()[pri:0, instance:com.crm.SDET.product.CreateDeleteProductGenTest@576d5deb]" name="createDeletePro" class="com.crm.SDET.product.CreateDeleteProductGenTest"/>
        <method signature="ProductGenTest.createProduct()[pri:0, instance:com.crm.SDET.product.ProductGenTest@51c668e3]" name="createProduct" class="com.crm.SDET.product.ProductGenTest"/>
      </group> <!-- Smoke Testing -->
      <group name="Regression Testing">
        <method signature="CreateOrgationzationGenTest.createOrganization()[pri:0, instance:com.crm.SDET.organization.CreateOrgationzationGenTest@2c1b194a]" name="createOrganization" class="com.crm.SDET.organization.CreateOrgationzationGenTest"/>
        <method signature="CreateDeleteProductGenTest.createDeletePro()[pri:0, instance:com.crm.SDET.product.CreateDeleteProductGenTest@576d5deb]" name="createDeletePro" class="com.crm.SDET.product.CreateDeleteProductGenTest"/>
        <method signature="ProductGenTest.createProduct()[pri:0, instance:com.crm.SDET.product.ProductGenTest@51c668e3]" name="createProduct" class="com.crm.SDET.product.ProductGenTest"/>
      </group> <!-- Regression Testing -->
    </groups>
    <test started-at="2022-12-31T13:13:59 IST" name="Test1" finished-at="2022-12-31T13:13:59 IST" duration-ms="82">
      <class name="com.crm.SDET.organization.CreateOrgationzationGenTest">
        <test-method is-config="true" signature="BT(org.testng.ITestContext)[pri:0, instance:com.crm.SDET.organization.CreateOrgationzationGenTest@2c1b194a]" started-at="2022-12-31T13:13:59 IST" name="BT" finished-at="1970-01-01T05:30:00 IST" duration-ms="-1672472639270" status="SKIP">
          <reporter-output>
          </reporter-output>
        </test-method> <!-- BT -->
        <test-method is-config="true" signature="BC()[pri:0, instance:com.crm.SDET.organization.CreateOrgationzationGenTest@2c1b194a]" started-at="2022-12-31T13:13:59 IST" name="BC" finished-at="1970-01-01T05:30:00 IST" duration-ms="-1672472639305" status="SKIP">
          <reporter-output>
          </reporter-output>
        </test-method> <!-- BC -->
        <test-method is-config="true" signature="BM()[pri:0, instance:com.crm.SDET.organization.CreateOrgationzationGenTest@2c1b194a]" started-at="2022-12-31T13:13:59 IST" name="BM" finished-at="1970-01-01T05:30:00 IST" duration-ms="-1672472639327" status="SKIP">
          <reporter-output>
          </reporter-output>
        </test-method> <!-- BM -->
        <test-method signature="createOrganization()[pri:0, instance:com.crm.SDET.organization.CreateOrgationzationGenTest@2c1b194a]" started-at="2022-12-31T13:13:59 IST" name="createOrganization" finished-at="2022-12-31T13:13:59 IST" duration-ms="0" status="SKIP">
          <reporter-output>
          </reporter-output>
        </test-method> <!-- createOrganization -->
        <test-method is-config="true" signature="AM()[pri:0, instance:com.crm.SDET.organization.CreateOrgationzationGenTest@2c1b194a]" started-at="2022-12-31T13:13:59 IST" name="AM" finished-at="1970-01-01T05:30:00 IST" duration-ms="-1672472639336" status="SKIP">
          <reporter-output>
          </reporter-output>
        </test-method> <!-- AM -->
        <test-method is-config="true" signature="AC()[pri:0, instance:com.crm.SDET.organization.CreateOrgationzationGenTest@2c1b194a]" started-at="2022-12-31T13:13:59 IST" name="AC" finished-at="1970-01-01T05:30:00 IST" duration-ms="-1672472639340" status="SKIP">
          <reporter-output>
          </reporter-output>
        </test-method> <!-- AC -->
        <test-method is-config="true" signature="AT()[pri:0, instance:com.crm.SDET.organization.CreateOrgationzationGenTest@2c1b194a]" started-at="2022-12-31T13:13:59 IST" name="AT" finished-at="1970-01-01T05:30:00 IST" duration-ms="-1672472639343" status="SKIP">
          <reporter-output>
          </reporter-output>
        </test-method> <!-- AT -->
      </class> <!-- com.crm.SDET.organization.CreateOrgationzationGenTest -->
    </test> <!-- Test1 -->
    <test started-at="2022-12-31T13:13:59 IST" name="Test3" finished-at="2022-12-31T13:13:59 IST" duration-ms="87">
      <class name="com.crm.SDET.product.ProductGenTest">
        <test-method is-config="true" signature="BS()[pri:0, instance:com.crm.SDET.product.ProductGenTest@51c668e3]" started-at="2022-12-31T13:13:59 IST" name="BS" finished-at="2022-12-31T13:13:59 IST" duration-ms="30" status="FAIL">
          <exception class="java.lang.NullPointerException">
            <message>
              <![CDATA[Cannot invoke "com.aventstack.extentreports.ExtentReports.attachReporter(com.aventstack.extentreports.observer.ExtentObserver[])" because "comcast.vtiger.genericUtility.BaseClass.extentReport" is null]]>
            </message>
            <full-stacktrace>
              <![CDATA[java.lang.NullPointerException: Cannot invoke "com.aventstack.extentreports.ExtentReports.attachReporter(com.aventstack.extentreports.observer.ExtentObserver[])" because "comcast.vtiger.genericUtility.BaseClass.extentReport" is null
at comcast.vtiger.genericUtility.BaseClass.BS(BaseClass.java:46)
at java.base/jdk.internal.reflect.NativeMethodAccessorImpl.invoke0(Native Method)
at java.base/jdk.internal.reflect.NativeMethodAccessorImpl.invoke(NativeMethodAccessorImpl.java:78)
at java.base/jdk.internal.reflect.DelegatingMethodAccessorImpl.invoke(DelegatingMethodAccessorImpl.java:43)
at java.base/java.lang.reflect.Method.invoke(Method.java:567)
at org.testng.internal.MethodInvocationHelper.invokeMethod(MethodInvocationHelper.java:133)
at org.testng.internal.MethodInvocationHelper.invokeMethodConsideringTimeout(MethodInvocationHelper.java:62)
at org.testng.internal.ConfigInvoker.invokeConfigurationMethod(ConfigInvoker.java:385)
at org.testng.internal.ConfigInvoker.invokeConfigurations(ConfigInvoker.java:321)
at org.testng.SuiteRunner.privateRun(SuiteRunner.java:317)
at org.testng.SuiteRunner.run(SuiteRunner.java:276)
at org.testng.SuiteRunnerWorker.runSuite(SuiteRunnerWorker.java:53)
at org.testng.SuiteRunnerWorker.run(SuiteRunnerWorker.java:96)
at org.testng.TestNG.runSuitesSequentially(TestNG.java:1212)
at org.testng.TestNG.runSuitesLocally(TestNG.java:1134)
at org.testng.TestNG.runSuites(TestNG.java:1063)
at org.testng.TestNG.run(TestNG.java:1031)
at org.testng.remote.AbstractRemoteTestNG.run(AbstractRemoteTestNG.java:115)
at org.testng.remote.RemoteTestNG.initAndRun(RemoteTestNG.java:251)
at org.testng.remote.RemoteTestNG.main(RemoteTestNG.java:77)
]]>
            </full-stacktrace>
          </exception> <!-- java.lang.NullPointerException -->
          <reporter-output>
          </reporter-output>
        </test-method> <!-- BS -->
        <test-method is-config="true" signature="BT(org.testng.ITestContext)[pri:0, instance:com.crm.SDET.product.ProductGenTest@51c668e3]" started-at="2022-12-31T13:13:59 IST" name="BT" finished-at="1970-01-01T05:30:00 IST" duration-ms="-1672472639276" status="SKIP">
          <reporter-output>
          </reporter-output>
        </test-method> <!-- BT -->
        <test-method is-config="true" signature="BC()[pri:0, instance:com.crm.SDET.product.ProductGenTest@51c668e3]" started-at="2022-12-31T13:13:59 IST" name="BC" finished-at="1970-01-01T05:30:00 IST" duration-ms="-1672472639308" status="SKIP">
          <reporter-output>
          </reporter-output>
        </test-method> <!-- BC -->
        <test-method is-config="true" signature="BM()[pri:0, instance:com.crm.SDET.product.ProductGenTest@51c668e3]" started-at="2022-12-31T13:13:59 IST" name="BM" finished-at="1970-01-01T05:30:00 IST" duration-ms="-1672472639327" status="SKIP">
          <reporter-output>
          </reporter-output>
        </test-method> <!-- BM -->
        <test-method signature="createProduct()[pri:0, instance:com.crm.SDET.product.ProductGenTest@51c668e3]" started-at="2022-12-31T13:13:59 IST" name="createProduct" finished-at="2022-12-31T13:13:59 IST" duration-ms="0" status="SKIP">
          <exception class="java.lang.NullPointerException">
            <message>
              <![CDATA[Cannot invoke "com.aventstack.extentreports.ExtentReports.attachReporter(com.aventstack.extentreports.observer.ExtentObserver[])" because "comcast.vtiger.genericUtility.BaseClass.extentReport" is null]]>
            </message>
            <full-stacktrace>
              <![CDATA[java.lang.NullPointerException: Cannot invoke "com.aventstack.extentreports.ExtentReports.attachReporter(com.aventstack.extentreports.observer.ExtentObserver[])" because "comcast.vtiger.genericUtility.BaseClass.extentReport" is null
at comcast.vtiger.genericUtility.BaseClass.BS(BaseClass.java:46)
at java.base/jdk.internal.reflect.NativeMethodAccessorImpl.invoke0(Native Method)
at java.base/jdk.internal.reflect.NativeMethodAccessorImpl.invoke(NativeMethodAccessorImpl.java:78)
at java.base/jdk.internal.reflect.DelegatingMethodAccessorImpl.invoke(DelegatingMethodAccessorImpl.java:43)
at java.base/java.lang.reflect.Method.invoke(Method.java:567)
at org.testng.internal.MethodInvocationHelper.invokeMethod(MethodInvocationHelper.java:133)
at org.testng.internal.MethodInvocationHelper.invokeMethodConsideringTimeout(MethodInvocationHelper.java:62)
at org.testng.internal.ConfigInvoker.invokeConfigurationMethod(ConfigInvoker.java:385)
at org.testng.internal.ConfigInvoker.invokeConfigurations(ConfigInvoker.java:321)
at org.testng.SuiteRunner.privateRun(SuiteRunner.java:317)
at org.testng.SuiteRunner.run(SuiteRunner.java:276)
at org.testng.SuiteRunnerWorker.runSuite(SuiteRunnerWorker.java:53)
at org.testng.SuiteRunnerWorker.run(SuiteRunnerWorker.java:96)
at org.testng.TestNG.runSuitesSequentially(TestNG.java:1212)
at org.testng.TestNG.runSuitesLocally(TestNG.java:1134)
at org.testng.TestNG.runSuites(TestNG.java:1063)
at org.testng.TestNG.run(TestNG.java:1031)
at org.testng.remote.AbstractRemoteTestNG.run(AbstractRemoteTestNG.java:115)
at org.testng.remote.RemoteTestNG.initAndRun(RemoteTestNG.java:251)
at org.testng.remote.RemoteTestNG.main(RemoteTestNG.java:77)
]]>
            </full-stacktrace>
          </exception> <!-- java.lang.NullPointerException -->
          <reporter-output>
          </reporter-output>
        </test-method> <!-- createProduct -->
        <test-method is-config="true" signature="AM()[pri:0, instance:com.crm.SDET.product.ProductGenTest@51c668e3]" started-at="2022-12-31T13:13:59 IST" name="AM" finished-at="1970-01-01T05:30:00 IST" duration-ms="-1672472639336" status="SKIP">
          <reporter-output>
          </reporter-output>
        </test-method> <!-- AM -->
        <test-method is-config="true" signature="AC()[pri:0, instance:com.crm.SDET.product.ProductGenTest@51c668e3]" started-at="2022-12-31T13:13:59 IST" name="AC" finished-at="1970-01-01T05:30:00 IST" duration-ms="-1672472639343" status="SKIP">
          <reporter-output>
          </reporter-output>
        </test-method> <!-- AC -->
        <test-method is-config="true" signature="AT()[pri:0, instance:com.crm.SDET.product.ProductGenTest@51c668e3]" started-at="2022-12-31T13:13:59 IST" name="AT" finished-at="1970-01-01T05:30:00 IST" duration-ms="-1672472639347" status="SKIP">
          <reporter-output>
          </reporter-output>
        </test-method> <!-- AT -->
        <test-method is-config="true" signature="AS()[pri:0, instance:com.crm.SDET.product.ProductGenTest@51c668e3]" started-at="2022-12-31T13:13:59 IST" name="AS" finished-at="1970-01-01T05:30:00 IST" duration-ms="-1672472639444" status="SKIP">
          <reporter-output>
          </reporter-output>
        </test-method> <!-- AS -->
      </class> <!-- com.crm.SDET.product.ProductGenTest -->
    </test> <!-- Test3 -->
    <test started-at="2022-12-31T13:13:59 IST" name="Test2" finished-at="2022-12-31T13:13:59 IST" duration-ms="84">
      <class name="com.crm.SDET.product.CreateDeleteProductGenTest">
        <test-method is-config="true" signature="BT(org.testng.ITestContext)[pri:0, instance:com.crm.SDET.product.CreateDeleteProductGenTest@576d5deb]" started-at="2022-12-31T13:13:59 IST" name="BT" finished-at="1970-01-01T05:30:00 IST" duration-ms="-1672472639283" status="SKIP">
          <reporter-output>
          </reporter-output>
        </test-method> <!-- BT -->
        <test-method is-config="true" signature="BC()[pri:0, instance:com.crm.SDET.product.CreateDeleteProductGenTest@576d5deb]" started-at="2022-12-31T13:13:59 IST" name="BC" finished-at="1970-01-01T05:30:00 IST" duration-ms="-1672472639308" status="SKIP">
          <reporter-output>
          </reporter-output>
        </test-method> <!-- BC -->
        <test-method is-config="true" signature="BM()[pri:0, instance:com.crm.SDET.product.CreateDeleteProductGenTest@576d5deb]" started-at="2022-12-31T13:13:59 IST" name="BM" finished-at="1970-01-01T05:30:00 IST" duration-ms="-1672472639327" status="SKIP">
          <reporter-output>
          </reporter-output>
        </test-method> <!-- BM -->
        <test-method signature="createDeletePro()[pri:0, instance:com.crm.SDET.product.CreateDeleteProductGenTest@576d5deb]" started-at="2022-12-31T13:13:59 IST" name="createDeletePro" finished-at="2022-12-31T13:13:59 IST" duration-ms="0" status="SKIP">
          <reporter-output>
          </reporter-output>
        </test-method> <!-- createDeletePro -->
        <test-method is-config="true" signature="AM()[pri:0, instance:com.crm.SDET.product.CreateDeleteProductGenTest@576d5deb]" started-at="2022-12-31T13:13:59 IST" name="AM" finished-at="1970-01-01T05:30:00 IST" duration-ms="-1672472639335" status="SKIP">
          <reporter-output>
          </reporter-output>
        </test-method> <!-- AM -->
        <test-method is-config="true" signature="AC()[pri:0, instance:com.crm.SDET.product.CreateDeleteProductGenTest@576d5deb]" started-at="2022-12-31T13:13:59 IST" name="AC" finished-at="1970-01-01T05:30:00 IST" duration-ms="-1672472639340" status="SKIP">
          <reporter-output>
          </reporter-output>
        </test-method> <!-- AC -->
        <test-method is-config="true" signature="AT()[pri:0, instance:com.crm.SDET.product.CreateDeleteProductGenTest@576d5deb]" started-at="2022-12-31T13:13:59 IST" name="AT" finished-at="1970-01-01T05:30:00 IST" duration-ms="-1672472639347" status="SKIP">
          <reporter-output>
          </reporter-output>
        </test-method> <!-- AT -->
      </class> <!-- com.crm.SDET.product.CreateDeleteProductGenTest -->
    </test> <!-- Test2 -->
  </suite> <!-- Suite -->
</testng-results>
